        -:    0:Source:D:/UBB-FMI/An I/Sem II/OOP/Lab/Lab8-9/repository.cpp
        -:    0:Graph:D:\UBB-FMI\An I\Sem II\OOP\Lab\Lab8-9\cmake-build-debug-coverage\CMakeFiles\Lab6.dir\repository.cpp.gcno
        -:    0:Data:D:\UBB-FMI\An I\Sem II\OOP\Lab\Lab8-9\cmake-build-debug-coverage\CMakeFiles\Lab6.dir\repository.cpp.gcda
        -:    0:Runs:1
        -:    1://
        -:    2:// Created by vladm on 4/2/2024.
        -:    3://
        -:    4:#include "repository.h"
        -:    5:
function _ZN10MasinaRepo12adaugaMasinaERK6Masina called 31 returned 94% blocks executed 71%
       31:    6:void MasinaRepo::adaugaMasina(const Masina& masina) {
       31:    7:    bool exista = false;
       67:    8:    for(const auto & i : masini)
       31:    8-block  0
call    0 returned 31
call    1 returned 31
       36:    8-block  1
call    2 returned 36
       36:    8-block  2
call    3 returned 36
       67:    8-block  3
call    4 returned 67
branch  5 taken 36
branch  6 taken 31 (fallthrough)
       36:    9:        if(i.get_nr_inmatriculare() == masina.get_nr_inmatriculare())
call    0 returned 36
branch  1 taken 36 (fallthrough)
branch  2 taken 0 (throw)
       36:    9-block  0
call    3 returned 36
branch  4 taken 36 (fallthrough)
branch  5 taken 0 (throw)
       36:    9-block  1
call    6 returned 36
call    7 returned 36
call    8 returned 36
branch  9 taken 2 (fallthrough)
branch 10 taken 34
    $$$$$:    9-block  2
    $$$$$:    9-block  3
call   11 never executed
    $$$$$:    9-block  4
        2:   10:            exista = true;
        2:   10-block  0
       31:   11:    if(exista) {
       31:   11-block  0
branch  0 taken 2 (fallthrough)
branch  1 taken 29
        6:   12:        throw RepoException("Masina cu acelasi numar de inmatriculare deja existenta!");
        2:   12-block  0
call    0 returned 2
        2:   12-block  1
call    1 returned 2
branch  2 taken 2 (fallthrough)
branch  3 taken 0 (throw)
        2:   12-block  2
call    4 returned 2
call    5 returned 2
call    6 returned 0
    $$$$$:   12-block  3
    $$$$$:   12-block  4
    $$$$$:   12-block  5
call    7 never executed
        -:   13:    }
       29:   14:    masini.push_back(masina);
       29:   14-block  0
call    0 returned 29
       29:   15:}
        -:   16:
function _ZN10MasinaRepo12stergeMasinaERKNSt7__cxx1112basic_stringIcSt11char_traitsIcESaIcEEE called 4 returned 50% blocks executed 72%
        4:   17:void MasinaRepo::stergeMasina(const std::string &nr_inmatriculare) {
        4:   18:    int poz = -1;
        4:   19:    int k = 0;
       12:   20:    for(const auto & i : masini)
        4:   20-block  0
call    0 returned 4
call    1 returned 4
        8:   20-block  1
call    2 returned 8
       12:   20-block  2
call    3 returned 12
branch  4 taken 8
branch  5 taken 4 (fallthrough)
        -:   21:    {
        8:   22:        if(i.get_nr_inmatriculare() == nr_inmatriculare)
call    0 returned 8
branch  1 taken 8 (fallthrough)
branch  2 taken 0 (throw)
        8:   22-block  0
call    3 returned 8
call    4 returned 8
branch  5 taken 2 (fallthrough)
branch  6 taken 6
    $$$$$:   22-block  1
        2:   23:            poz = k;
        2:   23-block  0
        8:   24:        k++;
        8:   24-block  0
call    0 returned 8
        -:   25:    }
        4:   26:    if(poz == -1)
        4:   26-block  0
branch  0 taken 2 (fallthrough)
branch  1 taken 2
        6:   27:        throw RepoException("Masina cu acest numar de inmatriculare nu exista!");
        2:   27-block  0
call    0 returned 2
        2:   27-block  1
call    1 returned 2
branch  2 taken 2 (fallthrough)
branch  3 taken 0 (throw)
        2:   27-block  2
call    4 returned 2
call    5 returned 2
call    6 returned 0
    $$$$$:   27-block  3
    $$$$$:   27-block  4
    $$$$$:   27-block  5
call    7 never executed
        2:   28:    masini.erase(masini.begin() + poz);
        2:   28-block  0
call    0 returned 2
call    1 returned 2
call    2 returned 2
call    3 returned 2
branch  4 taken 2 (fallthrough)
branch  5 taken 0 (throw)
    $$$$$:   28-block  1
    $$$$$:   28-block  2
        2:   29:}
        2:   29-block  0
        -:   30:
function _ZN10MasinaRepo14modificaMasinaERK6Masina called 5 returned 60% blocks executed 72%
        5:   31:void MasinaRepo::modificaMasina(const Masina& masina) {
        5:   32:    int poz = -1;
        5:   33:    int k = 0;
       14:   34:    for(const auto & i : masini)
        5:   34-block  0
call    0 returned 5
call    1 returned 5
        9:   34-block  1
call    2 returned 9
       14:   34-block  2
call    3 returned 14
branch  4 taken 9
branch  5 taken 5 (fallthrough)
        -:   35:    {
        9:   36:        if(i.get_nr_inmatriculare() == masina.get_nr_inmatriculare())
call    0 returned 9
branch  1 taken 9 (fallthrough)
branch  2 taken 0 (throw)
        9:   36-block  0
call    3 returned 9
branch  4 taken 9 (fallthrough)
branch  5 taken 0 (throw)
        9:   36-block  1
call    6 returned 9
call    7 returned 9
call    8 returned 9
branch  9 taken 3 (fallthrough)
branch 10 taken 6
    $$$$$:   36-block  2
    $$$$$:   36-block  3
call   11 never executed
    $$$$$:   36-block  4
        3:   37:            poz = k;
        3:   37-block  0
        9:   38:        k++;
        9:   38-block  0
call    0 returned 9
        -:   39:    }
        5:   40:    if(poz == -1)
        5:   40-block  0
branch  0 taken 2 (fallthrough)
branch  1 taken 3
        6:   41:        throw RepoException("Masina cu acest numar de inmatriculare nu exista!");
        2:   41-block  0
call    0 returned 2
        2:   41-block  1
call    1 returned 2
branch  2 taken 2 (fallthrough)
branch  3 taken 0 (throw)
        2:   41-block  2
call    4 returned 2
call    5 returned 2
call    6 returned 0
    $$$$$:   41-block  3
    $$$$$:   41-block  4
    $$$$$:   41-block  5
call    7 never executed
        3:   42:    masini[poz] = masina;
        3:   42-block  0
call    0 returned 3
call    1 returned 3
        3:   43:}
        -:   44:
function _ZN10MasinaRepo12getAllMasiniEv called 22 returned 100% blocks executed 100%
       22:   45:vector<Masina>& MasinaRepo::getAllMasini() {
       22:   46:    return masini;
       22:   46-block  0
        -:   47:}
        -:   48:
        -:   49:
        -:   50:
        -:   51:
        -:   52:
