        -:    0:Source:C:/Users/munte/CLionProjects/OOP-LAB-6-7/main.cpp
        -:    0:Graph:C:\Users\munte\CLionProjects\OOP-LAB-6-7\cmake-build-debug-coverage\CMakeFiles\OOP_LAB_6_7.dir\main.cpp.gcno
        -:    0:Data:C:\Users\munte\CLionProjects\OOP-LAB-6-7\cmake-build-debug-coverage\CMakeFiles\OOP_LAB_6_7.dir\main.cpp.gcda
        -:    0:Runs:1
        -:    1:#include "repository.h"
        -:    2:#include "MasinaService.h"
        -:    3:#include "ui.h"
        -:    4:/**4. Inchiriere masini
        -:    5:
        -:    6:Creati o aplicatie pentru o firma de inchirieri auto. Fiecare masina are un numar de inmatriculare,
        -:    7:model si categorie (mini, sport, suv, etc).
        -:    8:Aplicatia permite:
        -:    9:a) adaugare de masini
        -:   10:b) actualizare masina existenta
        -:   11:c) inchiriere masina/returnare masina
        -:   12:d) Vizualizare masini dupa un criteru dat (categorie, model)
        -:   13:e) Permite sortarea masinilor dupa: model sau categorie (crescator/descrescator)*/
        -:   14:
        -:   15:
function main called 1 returned 100% blocks executed 82%
        1:   16:int main(){
        1:   17:    testAll();
        1:   17-block  0
call    0 returned 1
branch  1 taken 1 (fallthrough)
branch  2 taken 0 (throw)
        1:   18:    MasinaRepo repo;
        1:   18-block  0
call    0 returned 1
        1:   19:    MasinaService srv{repo};
call    0 returned 1
        1:   20:    ui ui{srv};
call    0 returned 1
        1:   21:    ui.run();
call    0 returned 1
branch  1 taken 1 (fallthrough)
branch  2 taken 0 (throw)
        1:   22:    return 0;
        1:   23:}
        1:   23-block  0
call    0 returned 1
    $$$$$:   23-block  1
call    1 never executed
