        -:    0:Source:C:/Users/munte/CLionProjects/OOP-LAB-6-7/ui.h
        -:    0:Graph:C:\Users\munte\CLionProjects\OOP-LAB-6-7\cmake-build-debug-coverage\CMakeFiles\OOP_LAB_6_7.dir\main.cpp.gcno
        -:    0:Data:C:\Users\munte\CLionProjects\OOP-LAB-6-7\cmake-build-debug-coverage\CMakeFiles\OOP_LAB_6_7.dir\main.cpp.gcda
        -:    0:Runs:1
        -:    1:#pragma once
        -:    2:#include "MasinaService.h"
        -:    3:class ui {
        -:    4:    MasinaService& serv;
        -:    5:public:
function _ZN2uiC1ER13MasinaService called 1 returned 100% blocks executed 100%
        1:    6:    ui(MasinaService& serv): serv{serv}{
        1:    7:    }
        -:    8:    void run();
        -:    9:};
        -:   10:
        -:   11:
        -:   12:
