        -:    0:Source:C:/Users/munte/CLionProjects/OOP-LAB-6-7/Masina.h
        -:    0:Graph:C:\Users\munte\CLionProjects\OOP-LAB-6-7\cmake-build-debug-coverage\CMakeFiles\OOP_LAB_6_7.dir\MasinaService.cpp.gcno
        -:    0:Data:C:\Users\munte\CLionProjects\OOP-LAB-6-7\cmake-build-debug-coverage\CMakeFiles\OOP_LAB_6_7.dir\MasinaService.cpp.gcda
        -:    0:Runs:1
        -:    1:#pragma once
        -:    2:#include <string>
        -:    3:
        -:    4:using std::string;
        -:    5:class  Masina {
        -:    6:private:
        -:    7:    string numar_inmatriculare;
        -:    8:    string model;
        -:    9:    string categorie;
        -:   10:public:
        -:   11:    string get_numar_inmatriculare() const;
        -:   12:    string get_model() const;
        -:   13:    string get_categorie() const;
        -:   14:
        -:   15:    /**
        -:   16:     * Constructor pentru clasa Masina.
        -:   17:     * @param numar_inmatriculare
        -:   18:     * @param model
        -:   19:     * @param categorie
        -:   20:     */
function _ZN6MasinaC1ENSt7__cxx1112basic_stringIcSt11char_traitsIcESaIcEEES5_S5_ called 0 returned 0% blocks executed 0%
    #####:   21:    Masina(string numar_inmatriculare, string model, string categorie): numar_inmatriculare{numar_inmatriculare}, model{model}, categorie{categorie}{
    %%%%%:   21-block  0
call    0 never executed
call    1 never executed
branch  2 never executed (fallthrough)
branch  3 never executed (throw)
    %%%%%:   21-block  1
call    4 never executed
branch  5 never executed (fallthrough)
branch  6 never executed (throw)
    #####:   22:    }
    %%%%%:   22-block  0
    $$$$$:   22-block  1
call    0 never executed
    $$$$$:   22-block  2
call    1 never executed
        -:   23:
        -:   24:    /**
        -:   25:     * Constructor de copiere pentru clasa Masina.
        -:   26:     * @param ot
        -:   27:     */
function _ZN6MasinaC1ERKS_ called 0 returned 0% blocks executed 0%
    #####:   28:    Masina(const Masina& ot):numar_inmatriculare{ot.numar_inmatriculare},model{ot.model},categorie{ot.categorie}{
    %%%%%:   28-block  0
call    0 never executed
call    1 never executed
branch  2 never executed (fallthrough)
branch  3 never executed (throw)
    %%%%%:   28-block  1
call    4 never executed
branch  5 never executed (fallthrough)
branch  6 never executed (throw)
    #####:   29:    }
    %%%%%:   29-block  0
    $$$$$:   29-block  1
call    0 never executed
    $$$$$:   29-block  2
call    1 never executed
        -:   30:
        -:   31:    Masina& operator=(const Masina& ot){
        -:   32:        numar_inmatriculare = ot.numar_inmatriculare;
        -:   33:        model = ot.model;
        -:   34:        categorie = ot.categorie;
        -:   35:        return *this;
        -:   36:    }
        -:   37:};
        -:   38:
        -:   39:
