        -:    0:Source:C:/Users/munte/CLionProjects/OOP-LAB-6-7/MasinaService.cpp
        -:    0:Graph:C:\Users\munte\CLionProjects\OOP-LAB-6-7\cmake-build-debug-coverage\CMakeFiles\OOP_LAB_6_7.dir\MasinaService.cpp.gcno
        -:    0:Data:C:\Users\munte\CLionProjects\OOP-LAB-6-7\cmake-build-debug-coverage\CMakeFiles\OOP_LAB_6_7.dir\MasinaService.cpp.gcda
        -:    0:Runs:1
        -:    1:#include "MasinaService.h"
        -:    2:#include <assert.h>
        -:    3:/**
        -:    4: * Functie care adauga o masina in lista de masini.
        -:    5: * @param numar_inmatriculare
        -:    6: * @param model
        -:    7: * @param categorie
        -:    8: */
function _ZN13MasinaService10add_masinaENSt7__cxx1112basic_stringIcSt11char_traitsIcESaIcEEES5_S5_ called 4 returned 75% blocks executed 59%
        4:    9:void MasinaService::add_masina(string numar_inmatriculare,string model, string categorie){
        4:   10:    Masina m{numar_inmatriculare,model,categorie};
        4:   10-block  0
call    0 returned 4
branch  1 taken 4 (fallthrough)
branch  2 taken 0 (throw)
        4:   10-block  1
call    3 returned 4
branch  4 taken 4 (fallthrough)
branch  5 taken 0 (throw)
        4:   10-block  2
call    6 returned 4
branch  7 taken 4 (fallthrough)
branch  8 taken 0 (throw)
        4:   10-block  3
call    9 returned 4
branch 10 taken 4 (fallthrough)
branch 11 taken 0 (throw)
        4:   10-block  4
call   12 returned 4
call   13 returned 4
call   14 returned 4
    $$$$$:   10-block  5
call   15 never executed
    $$$$$:   10-block  6
    $$$$$:   10-block  7
call   16 never executed
    $$$$$:   10-block  8
    $$$$$:   10-block  9
call   17 never executed
    $$$$$:   10-block 10
        -:   11:    //undo.push_back(repo.get_all());
        4:   12:    repo.store(m);
call    0 returned 4
branch  1 taken 3 (fallthrough)
branch  2 taken 1 (throw)
        4:   13:}
        3:   13-block  0
call    0 returned 3
        1:   13-block  1
call    1 returned 1
        -:   14:/**
        -:   15: * Functie care actualizeaza o masina din lista de masini.
        -:   16: * @param numar_inmatriculare
        -:   17: * @param model
        -:   18: * @param categorie
        -:   19: */
function _ZN13MasinaService18actualizare_masinaENSt7__cxx1112basic_stringIcSt11char_traitsIcESaIcEEES5_S5_ called 2 returned 50% blocks executed 59%
        2:   20:void MasinaService::actualizare_masina(string numar_inmatriculare, string model, string categorie){
        2:   21:    Masina m{numar_inmatriculare,model,categorie};
        2:   21-block  0
call    0 returned 2
branch  1 taken 2 (fallthrough)
branch  2 taken 0 (throw)
        2:   21-block  1
call    3 returned 2
branch  4 taken 2 (fallthrough)
branch  5 taken 0 (throw)
        2:   21-block  2
call    6 returned 2
branch  7 taken 2 (fallthrough)
branch  8 taken 0 (throw)
        2:   21-block  3
call    9 returned 2
branch 10 taken 2 (fallthrough)
branch 11 taken 0 (throw)
        2:   21-block  4
call   12 returned 2
call   13 returned 2
call   14 returned 2
    $$$$$:   21-block  5
call   15 never executed
    $$$$$:   21-block  6
    $$$$$:   21-block  7
call   16 never executed
    $$$$$:   21-block  8
    $$$$$:   21-block  9
call   17 never executed
    $$$$$:   21-block 10
        -:   22:    //undo.push_back(repo.get_all());
        2:   23:    repo.actualizare(m);
call    0 returned 2
branch  1 taken 1 (fallthrough)
branch  2 taken 1 (throw)
        2:   24:}
        1:   24-block  0
call    0 returned 1
        1:   24-block  1
call    1 returned 1
        -:   25:/**
        -:   26: * Functie care sterge o masina din lista de masini.
        -:   27: * @param numar_inmatriculare
        -:   28: */
function _ZN13MasinaService15stergere_masinaENSt7__cxx1112basic_stringIcSt11char_traitsIcESaIcEEE called 2 returned 50% blocks executed 100%
        2:   29:void MasinaService::stergere_masina(string numar_inmatriculare){
        -:   30:    //undo.push_back(repo.get_all());
        2:   31:    repo.stergere(numar_inmatriculare);
        2:   31-block  0
call    0 returned 1
        1:   32:}
function _Z7testAddv called 1 returned 100% blocks executed 61%
        1:   33:void testAdd(){
        1:   34:    MasinaRepo repo;
        1:   34-block  0
call    0 returned 1
        1:   35:    MasinaService serv{repo};
call    0 returned 1
        5:   36:    serv.add_masina("B123ABC", "Dacia", "mini");
        1:   36-block  0
call    0 returned 1
branch  1 taken 1 (fallthrough)
branch  2 taken 0 (throw)
        1:   36-block  1
call    3 returned 1
branch  4 taken 1 (fallthrough)
branch  5 taken 0 (throw)
        1:   36-block  2
call    6 returned 1
branch  7 taken 1 (fallthrough)
branch  8 taken 0 (throw)
        1:   36-block  3
call    9 returned 1
branch 10 taken 1 (fallthrough)
branch 11 taken 0 (throw)
        1:   36-block  4
call   12 returned 1
call   13 returned 1
call   14 returned 1
    $$$$$:   36-block  5
call   15 never executed
    $$$$$:   36-block  6
    $$$$$:   36-block  7
    $$$$$:   36-block  8
call   16 never executed
    $$$$$:   36-block  9
    $$$$$:   36-block 10
    $$$$$:   36-block 11
call   17 never executed
    $$$$$:   36-block 12
    $$$$$:   36-block 13
        1:   37:    const auto& masini = serv.get_all();
call    0 returned 1
branch  1 taken 1 (fallthrough)
branch  2 taken 0 (throw)
       1*:   38:    assert(masini.size() == 1);
        1:   38-block  0
call    0 returned 1
branch  1 taken 0 (fallthrough)
branch  2 taken 1
    %%%%%:   38-block  1
call    3 never executed
        1:   38-block  2
       1*:   39:    assert(masini[0].get_numar_inmatriculare() == "B123ABC");
        1:   39-block  0
call    0 returned 1
call    1 returned 1
branch  2 taken 1 (fallthrough)
branch  3 taken 0 (throw)
        1:   39-block  1
call    4 returned 1
branch  5 taken 1 (fallthrough)
branch  6 taken 0 (throw)
        1:   39-block  2
branch  7 taken 0 (fallthrough)
branch  8 taken 1
    %%%%%:   39-block  3
call    9 never executed
        1:   39-block  4
        1:   39-block  5
branch 10 taken 1 (fallthrough)
branch 11 taken 0
        1:   39-block  6
call   12 returned 1
    $$$$$:   39-block  7
branch 13 never executed (fallthrough)
branch 14 never executed
    $$$$$:   39-block  8
call   15 never executed
    $$$$$:   39-block  9
       1*:   40:    assert(masini[0].get_model() == "Dacia");
        1:   40-block  0
call    0 returned 1
call    1 returned 1
branch  2 taken 1 (fallthrough)
branch  3 taken 0 (throw)
        1:   40-block  1
call    4 returned 1
branch  5 taken 1 (fallthrough)
branch  6 taken 0 (throw)
        1:   40-block  2
branch  7 taken 0 (fallthrough)
branch  8 taken 1
    %%%%%:   40-block  3
call    9 never executed
        1:   40-block  4
        1:   40-block  5
branch 10 taken 1 (fallthrough)
branch 11 taken 0
        1:   40-block  6
call   12 returned 1
    $$$$$:   40-block  7
branch 13 never executed (fallthrough)
branch 14 never executed
    $$$$$:   40-block  8
call   15 never executed
    $$$$$:   40-block  9
       1*:   41:    assert(masini[0].get_categorie() == "mini");
        1:   41-block  0
call    0 returned 1
call    1 returned 1
branch  2 taken 1 (fallthrough)
branch  3 taken 0 (throw)
        1:   41-block  1
call    4 returned 1
branch  5 taken 1 (fallthrough)
branch  6 taken 0 (throw)
        1:   41-block  2
branch  7 taken 0 (fallthrough)
branch  8 taken 1
    %%%%%:   41-block  3
call    9 never executed
        1:   41-block  4
        1:   41-block  5
branch 10 taken 1 (fallthrough)
branch 11 taken 0
        1:   41-block  6
call   12 returned 1
        1:   41-block  7
    $$$$$:   41-block  8
branch 13 never executed (fallthrough)
branch 14 never executed
    $$$$$:   41-block  9
call   15 never executed
    $$$$$:   41-block 10
        -:   42:    try {
       6*:   43:        serv.add_masina("B123ABC", "Dacia", "mini");
        1:   43-block  0
call    0 returned 1
branch  1 taken 1 (fallthrough)
branch  2 taken 0 (throw)
        1:   43-block  1
call    3 returned 1
branch  4 taken 1 (fallthrough)
branch  5 taken 0 (throw)
        1:   43-block  2
call    6 returned 1
branch  7 taken 1 (fallthrough)
branch  8 taken 0 (throw)
        1:   43-block  3
call    9 returned 1
branch 10 taken 0 (fallthrough)
branch 11 taken 1 (throw)
    %%%%%:   43-block  4
call   12 never executed
call   13 never executed
call   14 never executed
        1:   43-block  5
call   15 returned 1
        1:   43-block  6
        1:   43-block  7
        1:   43-block  8
call   16 returned 1
        1:   43-block  9
        1:   43-block 10
        1:   43-block 11
call   17 returned 1
        1:   43-block 12
        1:   43-block 13
        -:   44:        assert(true);
        1:   45:    } catch (RepoException& e) {
        1:   45-block  0
branch  0 taken 0 (fallthrough)
branch  1 taken 1
        1:   45-block  1
call    2 returned 1
        1:   46:        assert(e.getMessage() == "Masina exista deja!\n");
call    0 returned 1
branch  1 taken 1 (fallthrough)
branch  2 taken 0 (throw)
        1:   46-block  0
call    3 returned 1
branch  4 taken 1 (fallthrough)
branch  5 taken 0 (throw)
        1:   46-block  1
branch  6 taken 0 (fallthrough)
branch  7 taken 1
    $$$$$:   46-block  2
call    8 never executed
        1:   46-block  3
        1:   46-block  4
branch  9 taken 1 (fallthrough)
branch 10 taken 0
        1:   46-block  5
call   11 returned 1
    $$$$$:   46-block  6
branch 12 never executed (fallthrough)
branch 13 never executed
    $$$$$:   46-block  7
call   14 never executed
    $$$$$:   46-block  8
        1:   47:    }
        1:   47-block  0
call    0 returned 1
branch  1 taken 1 (fallthrough)
branch  2 taken 0 (throw)
    $$$$$:   47-block  1
call    3 never executed
        1:   48:}
        1:   48-block  0
call    0 returned 1
call    1 returned 1
    $$$$$:   48-block  1
call    2 never executed
    $$$$$:   48-block  2
call    3 never executed
function _Z15testActualizarev called 1 returned 100% blocks executed 58%
        1:   49:void testActualizare(){
        1:   50:    MasinaRepo repo;
        1:   50-block  0
call    0 returned 1
        1:   51:    MasinaService serv{repo};
call    0 returned 1
        6:   52:    serv.add_masina("B123ABC", "Dacia", "mini");
        1:   52-block  0
call    0 returned 1
branch  1 taken 1 (fallthrough)
branch  2 taken 0 (throw)
        1:   52-block  1
call    3 returned 1
branch  4 taken 1 (fallthrough)
branch  5 taken 0 (throw)
        1:   52-block  2
call    6 returned 1
branch  7 taken 1 (fallthrough)
branch  8 taken 0 (throw)
        1:   52-block  3
call    9 returned 1
branch 10 taken 1 (fallthrough)
branch 11 taken 0 (throw)
        1:   52-block  4
call   12 returned 1
call   13 returned 1
call   14 returned 1
    $$$$$:   52-block  5
call   15 never executed
    $$$$$:   52-block  6
    $$$$$:   52-block  7
    $$$$$:   52-block  8
call   16 never executed
    $$$$$:   52-block  9
    $$$$$:   52-block 10
    $$$$$:   52-block 11
call   17 never executed
    $$$$$:   52-block 12
    $$$$$:   52-block 13
        5:   53:    serv.actualizare_masina("B123ABC", "Dacia", "mica");
        1:   53-block  0
call    0 returned 1
branch  1 taken 1 (fallthrough)
branch  2 taken 0 (throw)
        1:   53-block  1
call    3 returned 1
branch  4 taken 1 (fallthrough)
branch  5 taken 0 (throw)
        1:   53-block  2
call    6 returned 1
branch  7 taken 1 (fallthrough)
branch  8 taken 0 (throw)
        1:   53-block  3
call    9 returned 1
branch 10 taken 1 (fallthrough)
branch 11 taken 0 (throw)
        1:   53-block  4
call   12 returned 1
call   13 returned 1
call   14 returned 1
    $$$$$:   53-block  5
call   15 never executed
    $$$$$:   53-block  6
    $$$$$:   53-block  7
    $$$$$:   53-block  8
call   16 never executed
    $$$$$:   53-block  9
    $$$$$:   53-block 10
    $$$$$:   53-block 11
call   17 never executed
    $$$$$:   53-block 12
    $$$$$:   53-block 13
        1:   54:    const auto& masini = serv.get_all();
call    0 returned 1
branch  1 taken 1 (fallthrough)
branch  2 taken 0 (throw)
       1*:   55:    assert(masini.size() == 1);
        1:   55-block  0
call    0 returned 1
branch  1 taken 0 (fallthrough)
branch  2 taken 1
    %%%%%:   55-block  1
call    3 never executed
        1:   55-block  2
       1*:   56:    assert(masini[0].get_numar_inmatriculare() == "B123ABC");
        1:   56-block  0
call    0 returned 1
call    1 returned 1
branch  2 taken 1 (fallthrough)
branch  3 taken 0 (throw)
        1:   56-block  1
call    4 returned 1
branch  5 taken 1 (fallthrough)
branch  6 taken 0 (throw)
        1:   56-block  2
branch  7 taken 0 (fallthrough)
branch  8 taken 1
    %%%%%:   56-block  3
call    9 never executed
        1:   56-block  4
        1:   56-block  5
branch 10 taken 1 (fallthrough)
branch 11 taken 0
        1:   56-block  6
call   12 returned 1
    $$$$$:   56-block  7
branch 13 never executed (fallthrough)
branch 14 never executed
    $$$$$:   56-block  8
call   15 never executed
    $$$$$:   56-block  9
       1*:   57:    assert(masini[0].get_model() == "Dacia");
        1:   57-block  0
call    0 returned 1
call    1 returned 1
branch  2 taken 1 (fallthrough)
branch  3 taken 0 (throw)
        1:   57-block  1
call    4 returned 1
branch  5 taken 1 (fallthrough)
branch  6 taken 0 (throw)
        1:   57-block  2
branch  7 taken 0 (fallthrough)
branch  8 taken 1
    %%%%%:   57-block  3
call    9 never executed
        1:   57-block  4
        1:   57-block  5
branch 10 taken 1 (fallthrough)
branch 11 taken 0
        1:   57-block  6
call   12 returned 1
    $$$$$:   57-block  7
branch 13 never executed (fallthrough)
branch 14 never executed
    $$$$$:   57-block  8
call   15 never executed
    $$$$$:   57-block  9
       1*:   58:    assert(masini[0].get_categorie() == "mica");
        1:   58-block  0
call    0 returned 1
call    1 returned 1
branch  2 taken 1 (fallthrough)
branch  3 taken 0 (throw)
        1:   58-block  1
call    4 returned 1
branch  5 taken 1 (fallthrough)
branch  6 taken 0 (throw)
        1:   58-block  2
branch  7 taken 0 (fallthrough)
branch  8 taken 1
    %%%%%:   58-block  3
call    9 never executed
        1:   58-block  4
        1:   58-block  5
branch 10 taken 1 (fallthrough)
branch 11 taken 0
        1:   58-block  6
call   12 returned 1
        1:   58-block  7
    $$$$$:   58-block  8
branch 13 never executed (fallthrough)
branch 14 never executed
    $$$$$:   58-block  9
call   15 never executed
    $$$$$:   58-block 10
        -:   59:    try{
       6*:   60:        serv.actualizare_masina("CJ23ABC", "Dacia", "mica");
        1:   60-block  0
call    0 returned 1
branch  1 taken 1 (fallthrough)
branch  2 taken 0 (throw)
        1:   60-block  1
call    3 returned 1
branch  4 taken 1 (fallthrough)
branch  5 taken 0 (throw)
        1:   60-block  2
call    6 returned 1
branch  7 taken 1 (fallthrough)
branch  8 taken 0 (throw)
        1:   60-block  3
call    9 returned 1
branch 10 taken 0 (fallthrough)
branch 11 taken 1 (throw)
    %%%%%:   60-block  4
call   12 never executed
call   13 never executed
call   14 never executed
        1:   60-block  5
call   15 returned 1
        1:   60-block  6
        1:   60-block  7
        1:   60-block  8
call   16 returned 1
        1:   60-block  9
        1:   60-block 10
        1:   60-block 11
call   17 returned 1
        1:   60-block 12
        1:   60-block 13
        -:   61:        assert(true);
        1:   62:    } catch (RepoException& e) {
        1:   62-block  0
branch  0 taken 0 (fallthrough)
branch  1 taken 1
        1:   62-block  1
call    2 returned 1
        1:   63:        assert(e.getMessage() == "Masina nu exista!\n");
call    0 returned 1
branch  1 taken 1 (fallthrough)
branch  2 taken 0 (throw)
        1:   63-block  0
call    3 returned 1
branch  4 taken 1 (fallthrough)
branch  5 taken 0 (throw)
        1:   63-block  1
branch  6 taken 0 (fallthrough)
branch  7 taken 1
    $$$$$:   63-block  2
call    8 never executed
        1:   63-block  3
        1:   63-block  4
branch  9 taken 1 (fallthrough)
branch 10 taken 0
        1:   63-block  5
call   11 returned 1
    $$$$$:   63-block  6
branch 12 never executed (fallthrough)
branch 13 never executed
    $$$$$:   63-block  7
call   14 never executed
    $$$$$:   63-block  8
        -:   64:
        1:   65:    }
        1:   65-block  0
call    0 returned 1
branch  1 taken 1 (fallthrough)
branch  2 taken 0 (throw)
    $$$$$:   65-block  1
call    3 never executed
        1:   66:}
        1:   66-block  0
call    0 returned 1
call    1 returned 1
    $$$$$:   66-block  1
call    2 never executed
    $$$$$:   66-block  2
call    3 never executed
        -:   67:
function _Z12testStergerev called 1 returned 100% blocks executed 56%
        1:   68:void testStergere(){
        1:   69:    MasinaRepo repo;
        1:   69-block  0
call    0 returned 1
        1:   70:    MasinaService serv{repo};
call    0 returned 1
        6:   71:    serv.add_masina("B123ABC", "Dacia", "mini");
        1:   71-block  0
call    0 returned 1
branch  1 taken 1 (fallthrough)
branch  2 taken 0 (throw)
        1:   71-block  1
call    3 returned 1
branch  4 taken 1 (fallthrough)
branch  5 taken 0 (throw)
        1:   71-block  2
call    6 returned 1
branch  7 taken 1 (fallthrough)
branch  8 taken 0 (throw)
        1:   71-block  3
call    9 returned 1
branch 10 taken 1 (fallthrough)
branch 11 taken 0 (throw)
        1:   71-block  4
call   12 returned 1
call   13 returned 1
call   14 returned 1
    $$$$$:   71-block  5
call   15 never executed
    $$$$$:   71-block  6
    $$$$$:   71-block  7
    $$$$$:   71-block  8
call   16 never executed
    $$$$$:   71-block  9
    $$$$$:   71-block 10
    $$$$$:   71-block 11
call   17 never executed
    $$$$$:   71-block 12
    $$$$$:   71-block 13
        1:   72:    serv.stergere_masina("B123ABC");
        1:   72-block  0
call    0 returned 1
branch  1 taken 1 (fallthrough)
branch  2 taken 0 (throw)
        1:   72-block  1
call    3 returned 1
branch  4 taken 1 (fallthrough)
branch  5 taken 0 (throw)
        1:   72-block  2
call    6 returned 1
    $$$$$:   72-block  3
call    7 never executed
    $$$$$:   72-block  4
    $$$$$:   72-block  5
        1:   73:    const auto& masini = serv.get_all();
call    0 returned 1
branch  1 taken 1 (fallthrough)
branch  2 taken 0 (throw)
       1*:   74:    assert(masini.size() == 0);
        1:   74-block  0
call    0 returned 1
branch  1 taken 0 (fallthrough)
branch  2 taken 1
    %%%%%:   74-block  1
call    3 never executed
        1:   74-block  2
        -:   75:    try {
       2*:   76:        serv.stergere_masina("B123ABC");
        1:   76-block  0
call    0 returned 1
branch  1 taken 1 (fallthrough)
branch  2 taken 0 (throw)
        1:   76-block  1
call    3 returned 1
branch  4 taken 0 (fallthrough)
branch  5 taken 1 (throw)
    %%%%%:   76-block  2
call    6 never executed
        1:   76-block  3
call    7 returned 1
        1:   76-block  4
        1:   76-block  5
        -:   77:        assert(true);
        1:   78:    } catch (RepoException& e) {
        1:   78-block  0
branch  0 taken 0 (fallthrough)
branch  1 taken 1
        1:   78-block  1
call    2 returned 1
        1:   79:        assert(e.getMessage() == "Masina nu exista!\n");
call    0 returned 1
branch  1 taken 1 (fallthrough)
branch  2 taken 0 (throw)
        1:   79-block  0
call    3 returned 1
branch  4 taken 1 (fallthrough)
branch  5 taken 0 (throw)
        1:   79-block  1
branch  6 taken 0 (fallthrough)
branch  7 taken 1
    $$$$$:   79-block  2
call    8 never executed
        1:   79-block  3
        1:   79-block  4
branch  9 taken 1 (fallthrough)
branch 10 taken 0
        1:   79-block  5
call   11 returned 1
    $$$$$:   79-block  6
branch 12 never executed (fallthrough)
branch 13 never executed
    $$$$$:   79-block  7
call   14 never executed
    $$$$$:   79-block  8
        1:   80:    }
        1:   80-block  0
call    0 returned 1
branch  1 taken 1 (fallthrough)
branch  2 taken 0 (throw)
    $$$$$:   80-block  1
call    3 never executed
        -:   81:
        1:   82:}
        1:   82-block  0
call    0 returned 1
call    1 returned 1
    $$$$$:   82-block  1
call    2 never executed
    $$$$$:   82-block  2
call    3 never executed
        -:   83:
function _Z7testAllv called 1 returned 100% blocks executed 100%
        1:   84:void testAll()
        -:   85:{
        1:   86:    RepoTestAll();
        1:   86-block  0
call    0 returned 1
        1:   87:    testAdd();
call    0 returned 1
        1:   88:    testActualizare();
call    0 returned 1
        1:   89:    testStergere();
call    0 returned 1
        1:   90:}
