        -:    0:Source:D:/UBB-FMI/An I/Sem II/OOP/Lab/Lab6/repository.cpp
        -:    0:Graph:D:\UBB-FMI\An I\Sem II\OOP\Lab\Lab6\cmake-build-debug-coverage\CMakeFiles\Lab6.dir\repository.cpp.gcno
        -:    0:Data:D:\UBB-FMI\An I\Sem II\OOP\Lab\Lab6\cmake-build-debug-coverage\CMakeFiles\Lab6.dir\repository.cpp.gcda
        -:    0:Runs:1
        -:    1://
        -:    2:// Created by vladm on 4/2/2024.
        -:    3://
        -:    4:#include "repository.h"
        -:    5:
function _ZN10MasinaRepo12adaugaMasinaERK6Masina called 31 returned 94% blocks executed 73%
       31:    6:void MasinaRepo::adaugaMasina(const Masina& masina) {
       31:    7:    bool exista = false;
       67:    8:    for(int i = 0; i < masini.size(); i++)
       31:    8-block  0
       36:    8-block  1
       67:    8-block  2
call    0 returned 67
branch  1 taken 36
branch  2 taken 31 (fallthrough)
       36:    9:        if(masini.get(i).get_nr_inmatriculare() == masina.get_nr_inmatriculare())
       36:    9-block  0
call    0 returned 36
branch  1 taken 36 (fallthrough)
branch  2 taken 0 (throw)
       36:    9-block  1
call    3 returned 36
call    4 returned 36
branch  5 taken 36 (fallthrough)
branch  6 taken 0 (throw)
       36:    9-block  2
call    7 returned 36
call    8 returned 36
call    9 returned 36
branch 10 taken 2 (fallthrough)
branch 11 taken 34
    $$$$$:    9-block  3
    $$$$$:    9-block  4
call   12 never executed
    $$$$$:    9-block  5
call   13 never executed
        2:   10:            exista = true;
        2:   10-block  0
       31:   11:    if(exista) {
       31:   11-block  0
branch  0 taken 2 (fallthrough)
branch  1 taken 29
        6:   12:        throw RepoException("Masina cu acelasi numar de inmatriculare deja existenta!");
        2:   12-block  0
call    0 returned 2
        2:   12-block  1
call    1 returned 2
branch  2 taken 2 (fallthrough)
branch  3 taken 0 (throw)
        2:   12-block  2
call    4 returned 2
call    5 returned 2
call    6 returned 0
    $$$$$:   12-block  3
    $$$$$:   12-block  4
    $$$$$:   12-block  5
call    7 never executed
        -:   13:    }
       29:   14:    masini.add(masina);
       29:   14-block  0
call    0 returned 29
       29:   15:}
        -:   16:
function _ZN10MasinaRepo12stergeMasinaERKNSt7__cxx1112basic_stringIcSt11char_traitsIcESaIcEEE called 4 returned 50% blocks executed 79%
        4:   17:void MasinaRepo::stergeMasina(const std::string &nr_inmatriculare) {
        4:   18:    int poz = -1;
       12:   19:    for(int i = 0; i < masini.size(); i++)
        4:   19-block  0
        8:   19-block  1
       12:   19-block  2
call    0 returned 12
branch  1 taken 8
branch  2 taken 4 (fallthrough)
        8:   20:        if(masini.get(i).get_nr_inmatriculare() == nr_inmatriculare)
        8:   20-block  0
call    0 returned 8
call    1 returned 8
branch  2 taken 8 (fallthrough)
branch  3 taken 0 (throw)
        8:   20-block  1
call    4 returned 8
call    5 returned 8
branch  6 taken 2 (fallthrough)
branch  7 taken 6
    $$$$$:   20-block  2
call    8 never executed
        2:   21:            poz = i;
        2:   21-block  0
        4:   22:    if(poz == -1)
        4:   22-block  0
branch  0 taken 2 (fallthrough)
branch  1 taken 2
        6:   23:        throw RepoException("Masina cu acest numar de inmatriculare nu exista!");
        2:   23-block  0
call    0 returned 2
        2:   23-block  1
call    1 returned 2
branch  2 taken 2 (fallthrough)
branch  3 taken 0 (throw)
        2:   23-block  2
call    4 returned 2
call    5 returned 2
call    6 returned 0
    $$$$$:   23-block  3
    $$$$$:   23-block  4
    $$$$$:   23-block  5
call    7 never executed
        2:   24:    masini.erase(poz);
        2:   24-block  0
call    0 returned 2
        2:   25:}
        -:   26:
function _ZN10MasinaRepo14modificaMasinaERK6Masina called 5 returned 60% blocks executed 74%
        5:   27:void MasinaRepo::modificaMasina(const Masina& masina) {
        5:   28:    int poz = -1;
       14:   29:    for(int i = 0; i < masini.size(); i++)
        5:   29-block  0
        9:   29-block  1
       14:   29-block  2
call    0 returned 14
branch  1 taken 9
branch  2 taken 5 (fallthrough)
        9:   30:        if(masini.get(i).get_nr_inmatriculare() == masina.get_nr_inmatriculare())
        9:   30-block  0
call    0 returned 9
branch  1 taken 9 (fallthrough)
branch  2 taken 0 (throw)
        9:   30-block  1
call    3 returned 9
call    4 returned 9
branch  5 taken 9 (fallthrough)
branch  6 taken 0 (throw)
        9:   30-block  2
call    7 returned 9
call    8 returned 9
call    9 returned 9
branch 10 taken 3 (fallthrough)
branch 11 taken 6
    $$$$$:   30-block  3
    $$$$$:   30-block  4
call   12 never executed
    $$$$$:   30-block  5
call   13 never executed
        3:   31:            poz = i;
        3:   31-block  0
        5:   32:    if(poz == -1)
        5:   32-block  0
branch  0 taken 2 (fallthrough)
branch  1 taken 3
        6:   33:        throw RepoException("Masina cu acest numar de inmatriculare nu exista!");
        2:   33-block  0
call    0 returned 2
        2:   33-block  1
call    1 returned 2
branch  2 taken 2 (fallthrough)
branch  3 taken 0 (throw)
        2:   33-block  2
call    4 returned 2
call    5 returned 2
call    6 returned 0
    $$$$$:   33-block  3
    $$$$$:   33-block  4
    $$$$$:   33-block  5
call    7 never executed
        3:   34:    masini.get(poz) = masina;
        3:   34-block  0
call    0 returned 3
call    1 returned 3
        3:   35:}
        -:   36:
        -:   37:
        -:   38:
