        -:    0:Source:D:/UBB-FMI/An I/Sem II/OOP/Lab/Lab6/domain.h
        -:    0:Graph:D:\UBB-FMI\An I\Sem II\OOP\Lab\Lab6\cmake-build-debug-coverage\CMakeFiles\Lab6.dir\teste.cpp.gcno
        -:    0:Data:D:\UBB-FMI\An I\Sem II\OOP\Lab\Lab6\cmake-build-debug-coverage\CMakeFiles\Lab6.dir\teste.cpp.gcda
        -:    0:Runs:1
        -:    1://
        -:    2:// Created by vladm on 4/2/2024.
        -:    3://
        -:    4:#pragma once
        -:    5:#include <string>
        -:    6:#include <iostream>
        -:    7:#include <utility>
        -:    8:using std::string;
        -:    9:
        -:   10:class MasinaException : public std::exception{
        -:   11:    string msg;
        -:   12:public:
function _ZN15MasinaExceptionC1ENSt7__cxx1112basic_stringIcSt11char_traitsIcESaIcEEE called 0 returned 0% blocks executed 0%
    #####:   13:    explicit MasinaException(string msg) : msg{std::move(msg)} {
    %%%%%:   13-block  0
call    0 never executed
call    1 never executed
call    2 never executed
        -:   14:
    #####:   15:    }
        -:   16:
function _ZNK15MasinaException7get_msgB5cxx11Ev called 0 returned 0% blocks executed 0%
    #####:   17:    [[nodiscard]] string get_msg() const {
    #####:   18:        return msg;
    %%%%%:   18-block  0
call    0 never executed
        -:   19:    }
        -:   20:
        -:   21:};
        -:   22:
        -:   23:class Masina {
        -:   24:private:
        -:   25:    string nr_inmatriculare;
        -:   26:    string producator;
        -:   27:    string model;
        -:   28:    string tip;
        -:   29:public:
        -:   30:    /*
        -:   31:     * functie getter pentru nr_inmatriculare
        -:   32:     * returneaza nr_inmatriculare
        -:   33:     */
        -:   34:    [[nodiscard]] string get_nr_inmatriculare() const;
        -:   35:
        -:   36:    /*
        -:   37:     * functie getter pentru producator
        -:   38:     * returneaza producator
        -:   39:     */
        -:   40:    [[nodiscard]] string get_producator() const;
        -:   41:
        -:   42:    /*
        -:   43:     * functie getter pentru model
        -:   44:     * returneaza model
        -:   45:     */
        -:   46:    [[nodiscard]] string get_model() const;
        -:   47:
        -:   48:    /*
        -:   49:     * functie getter pentru tip
        -:   50:     * returneaza tip
        -:   51:     */
        -:   52:    [[nodiscard]] string get_tip() const;
        -:   53:
        -:   54:    /*
        -:   55:     * functie de creare a obiectului Masina
        -:   56:     * Date de intrare: nr_inmatriculare - string, producator - string, model - string, tip - string
        -:   57:     * Date de iesire: -
        -:   58:     * pre: nr_inmatriculare are 9 caractere, producator, model si tip nu sunt siruri vide
        -:   59:     * post: obiectul Masina este creat
        -:   60:     * post: nr_inmatriculare, producator, model si tip sunt setate
        -:   61:     */
function _ZN6MasinaC1Ev called 0 returned 0% blocks executed 0%
    #####:   62:    Masina() = default;
    %%%%%:   62-block  0
call    0 never executed
call    1 never executed
call    2 never executed
call    3 never executed
        -:   63:
function _ZN6MasinaC1ENSt7__cxx1112basic_stringIcSt11char_traitsIcESaIcEEES5_S5_S5_ called 0 returned 0% blocks executed 0%
    #####:   64:    Masina(string  nr_inmatriculare, string  producator, string  model, string  tip) : nr_inmatriculare{std::move(nr_inmatriculare)}, producator{std::move(producator)}, model{std::move(model)}, tip{std::move(tip)} {
    %%%%%:   64-block  0
call    0 never executed
call    1 never executed
call    2 never executed
call    3 never executed
call    4 never executed
call    5 never executed
call    6 never executed
call    7 never executed
    #####:   65:        std::cout<<"Masina constructor\n";
call    0 never executed
branch  1 never executed (fallthrough)
branch  2 never executed (throw)
    #####:   66:    }
    %%%%%:   66-block  0
    $$$$$:   66-block  1
call    0 never executed
    $$$$$:   66-block  2
call    1 never executed
    $$$$$:   66-block  3
call    2 never executed
    $$$$$:   66-block  4
call    3 never executed
        -:   67:
function _ZN6MasinaC1ERKS_ called 0 returned 0% blocks executed 0%
    #####:   68:    Masina(const Masina& masina) : nr_inmatriculare{masina.nr_inmatriculare}, producator{masina.producator}, model{masina.model}, tip{masina.tip} {
    %%%%%:   68-block  0
call    0 never executed
call    1 never executed
branch  2 never executed (fallthrough)
branch  3 never executed (throw)
    %%%%%:   68-block  1
call    4 never executed
branch  5 never executed (fallthrough)
branch  6 never executed (throw)
    %%%%%:   68-block  2
call    7 never executed
branch  8 never executed (fallthrough)
branch  9 never executed (throw)
    #####:   69:        std::cout<<"Masina contructor copiata\n";
    %%%%%:   69-block  0
call    0 never executed
branch  1 never executed (fallthrough)
branch  2 never executed (throw)
    #####:   70:    }
    %%%%%:   70-block  0
    $$$$$:   70-block  1
call    0 never executed
    $$$$$:   70-block  2
call    1 never executed
    $$$$$:   70-block  3
call    2 never executed
    $$$$$:   70-block  4
call    3 never executed
        -:   71:
function _ZN6MasinaD1Ev called 0 returned 0% blocks executed 0%
    #####:   72:    ~Masina() {
    #####:   73:        std::cout<<"Masina destructor\n";
    %%%%%:   73-block  0
call    0 never executed
    #####:   74:    }
call    0 never executed
call    1 never executed
call    2 never executed
call    3 never executed
        -:   75:
function _ZN6MasinaaSERKS_ called 0 returned 0% blocks executed 0%
    #####:   76:    Masina& operator=(const Masina& masina) = default;
    %%%%%:   76-block  0
call    0 never executed
call    1 never executed
call    2 never executed
call    3 never executed
        -:   77:
        -:   78:
        -:   79:    /*
        -:   80:     * functie de validare a obiectului Masina
        -:   81:     * Date de intrare: masina - Masina
        -:   82:     * Date de iesire: 0 - daca masina este valida, 1 - daca nr_inmatriculare nu are 9 caractere,
        -:   83:     * 2 - daca producator este gol, 3 - daca model este gol, 4 - daca tip este gol
        -:   84:     */
        -:   85:    static int validateMasina(const Masina& masina);
        -:   86:};
