        -:    0:Source:D:/UBB-FMI/An I/Sem II/OOP/Lab/Lab6/ui.cpp
        -:    0:Graph:D:\UBB-FMI\An I\Sem II\OOP\Lab\Lab6\cmake-build-debug-coverage\CMakeFiles\Lab6.dir\ui.cpp.gcno
        -:    0:Data:D:\UBB-FMI\An I\Sem II\OOP\Lab\Lab6\cmake-build-debug-coverage\CMakeFiles\Lab6.dir\ui.cpp.gcda
        -:    0:Runs:1
        -:    1://
        -:    2:// Created by vladm on 4/2/2024.
        -:    3://
        -:    4:#include "ui.h"
        -:    5:#include "service.h"
        -:    6:#include <iostream>
        -:    7:#include <string>
        -:    8:using std::cin;
        -:    9:using std::cout;
        -:   10:using std::string;
        -:   11:
        -:   12:
function _ZN2UI20citireAdaugareMasinaEv called 0 returned 0% blocks executed 0%
    #####:   13:void UI::citireAdaugareMasina() {
    #####:   14:    string nr_inmatriculare;
    %%%%%:   14-block  0
call    0 never executed
    #####:   15:    string producator;
call    0 never executed
    #####:   16:    string model;
call    0 never executed
    #####:   17:    string tip;
call    0 never executed
    #####:   18:    cout<<"\nIntroduceti numarul de inmatriculare:\n";
call    0 never executed
branch  1 never executed (fallthrough)
branch  2 never executed (throw)
    #####:   19:    cin>>nr_inmatriculare;
    %%%%%:   19-block  0
call    0 never executed
branch  1 never executed (fallthrough)
branch  2 never executed (throw)
    #####:   20:    cout<<"\nIntroduceti producatorul:\n";
    %%%%%:   20-block  0
call    0 never executed
branch  1 never executed (fallthrough)
branch  2 never executed (throw)
    #####:   21:    cin>>producator;
    %%%%%:   21-block  0
call    0 never executed
branch  1 never executed (fallthrough)
branch  2 never executed (throw)
    #####:   22:    cout<<"\nIntroduceti modelul:\n";
    %%%%%:   22-block  0
call    0 never executed
branch  1 never executed (fallthrough)
branch  2 never executed (throw)
    #####:   23:    cin>>model;
    %%%%%:   23-block  0
call    0 never executed
branch  1 never executed (fallthrough)
branch  2 never executed (throw)
    #####:   24:    cout<<"\nIntroduceti tipul:\n";
    %%%%%:   24-block  0
call    0 never executed
branch  1 never executed (fallthrough)
branch  2 never executed (throw)
    #####:   25:    cin>>tip;
    %%%%%:   25-block  0
call    0 never executed
branch  1 never executed (fallthrough)
branch  2 never executed (throw)
        -:   26:    try{
    #####:   27:        service.adaugaMasinaService(nr_inmatriculare, producator, model, tip);
    %%%%%:   27-block  0
call    0 never executed
branch  1 never executed (fallthrough)
branch  2 never executed (throw)
    =====:   28:    } catch(MasinaException& e) {
    $$$$$:   28-block  0
branch  0 never executed (fallthrough)
branch  1 never executed
    $$$$$:   28-block  1
call    2 never executed
    =====:   29:        cout<<e.get_msg()<<"\n";
call    0 never executed
branch  1 never executed (fallthrough)
branch  2 never executed (throw)
    $$$$$:   29-block  0
call    3 never executed
branch  4 never executed (fallthrough)
branch  5 never executed (throw)
    $$$$$:   29-block  1
call    6 never executed
branch  7 never executed (fallthrough)
branch  8 never executed (throw)
    $$$$$:   29-block  2
call    9 never executed
    $$$$$:   29-block  3
call   10 never executed
    $$$$$:   29-block  4
    =====:   30:    }
call    0 never executed
branch  1 never executed (fallthrough)
branch  2 never executed (throw)
    $$$$$:   30-block  0
call    3 never executed
    #####:   31:}
    %%%%%:   31-block  0
call    0 never executed
call    1 never executed
call    2 never executed
call    3 never executed
    $$$$$:   31-block  1
call    4 never executed
    $$$$$:   31-block  2
call    5 never executed
    $$$$$:   31-block  3
call    6 never executed
    $$$$$:   31-block  4
call    7 never executed
        -:   32:
function _ZN2UI20citireStergereMasinaEv called 0 returned 0% blocks executed 0%
    #####:   33:void UI::citireStergereMasina() {
    #####:   34:    string nr_inmatriculare;
    %%%%%:   34-block  0
call    0 never executed
    #####:   35:    cout<<"Introduceti numarul de inmatriculare:\n";
call    0 never executed
branch  1 never executed (fallthrough)
branch  2 never executed (throw)
    #####:   36:    cin>>nr_inmatriculare;
    %%%%%:   36-block  0
call    0 never executed
branch  1 never executed (fallthrough)
branch  2 never executed (throw)
        -:   37:    try {
    #####:   38:        service.stergeMasinaService(nr_inmatriculare);
    %%%%%:   38-block  0
call    0 never executed
branch  1 never executed (fallthrough)
branch  2 never executed (throw)
    =====:   39:    } catch(MasinaException& e) {
    $$$$$:   39-block  0
branch  0 never executed (fallthrough)
branch  1 never executed
    $$$$$:   39-block  1
call    2 never executed
    =====:   40:        cout<<e.get_msg()<<"\n";
call    0 never executed
branch  1 never executed (fallthrough)
branch  2 never executed (throw)
    $$$$$:   40-block  0
call    3 never executed
branch  4 never executed (fallthrough)
branch  5 never executed (throw)
    $$$$$:   40-block  1
call    6 never executed
branch  7 never executed (fallthrough)
branch  8 never executed (throw)
    $$$$$:   40-block  2
call    9 never executed
    $$$$$:   40-block  3
call   10 never executed
    $$$$$:   40-block  4
    =====:   41:    }
call    0 never executed
branch  1 never executed (fallthrough)
branch  2 never executed (throw)
    $$$$$:   41-block  0
call    3 never executed
    #####:   42:}
    %%%%%:   42-block  0
call    0 never executed
    $$$$$:   42-block  1
call    1 never executed
        -:   43:
function _ZN2UI3runEv called 0 returned 0% blocks executed 0%
    #####:   44:void UI::run() {
    #####:   45:    int optiune = -1;
    %%%%%:   45-block  0
        -:   46:    while(true) {
    #####:   47:        menu();
    %%%%%:   47-block  0
call    0 never executed
branch  1 never executed (fallthrough)
branch  2 never executed (throw)
    #####:   48:        cout<<"Introduceti optiunea:\n";
    %%%%%:   48-block  0
call    0 never executed
branch  1 never executed (fallthrough)
branch  2 never executed (throw)
    #####:   49:        cin>>optiune;
    %%%%%:   49-block  0
call    0 never executed
branch  1 never executed (fallthrough)
branch  2 never executed (throw)
    #####:   50:        switch (optiune) {
    %%%%%:   50-block  0
branch  0 never executed
branch  1 never executed
branch  2 never executed
branch  3 never executed
branch  4 never executed
branch  5 never executed
branch  6 never executed
branch  7 never executed
branch  8 never executed
    #####:   51:            case 1:
    #####:   52:                citireAdaugareMasina();
    %%%%%:   52-block  0
call    0 never executed
branch  1 never executed (fallthrough)
branch  2 never executed (throw)
    #####:   53:                break;
    %%%%%:   53-block  0
    #####:   54:            case 2:
    #####:   55:                citireStergereMasina();
    %%%%%:   55-block  0
call    0 never executed
branch  1 never executed (fallthrough)
branch  2 never executed (throw)
    #####:   56:                break;
    %%%%%:   56-block  0
    #####:   57:            case 3:
    #####:   58:                citireModificareMasina();
    %%%%%:   58-block  0
call    0 never executed
branch  1 never executed (fallthrough)
branch  2 never executed (throw)
    #####:   59:                break;
    %%%%%:   59-block  0
    #####:   60:            case 4:
    #####:   61:                afisareMasini();
    %%%%%:   61-block  0
call    0 never executed
branch  1 never executed (fallthrough)
branch  2 never executed (throw)
    #####:   62:                break;
    %%%%%:   62-block  0
    #####:   63:            case 5:
    #####:   64:                citireFiltrareProducator();
    %%%%%:   64-block  0
call    0 never executed
branch  1 never executed (fallthrough)
branch  2 never executed (throw)
    #####:   65:                break;
    %%%%%:   65-block  0
    #####:   66:            case 6:
    #####:   67:                citireFiltrareTip();
    %%%%%:   67-block  0
call    0 never executed
branch  1 never executed (fallthrough)
branch  2 never executed (throw)
    #####:   68:                break;
    %%%%%:   68-block  0
    #####:   69:            case 7:
    #####:   70:                sortare();
    %%%%%:   70-block  0
call    0 never executed
branch  1 never executed (fallthrough)
branch  2 never executed (throw)
    #####:   71:                break;
    %%%%%:   71-block  0
    #####:   72:            case 0:
    #####:   73:                return;
    %%%%%:   73-block  0
    %%%%%:   73-block  1
    #####:   74:            default:
    #####:   75:                cout<<"Optiune invalida!\n";
    %%%%%:   75-block  0
call    0 never executed
branch  1 never executed (fallthrough)
branch  2 never executed (throw)
    #####:   76:                break;
    %%%%%:   76-block  0
        -:   77:        }
        -:   78:    }
        -:   79:}
        -:   80:
function _ZN2UI4menuEv called 0 returned 0% blocks executed 0%
    #####:   81:void UI::menu() {
    #####:   82:    cout<<"1. Adaugare masina\n";
    %%%%%:   82-block  0
call    0 never executed
    #####:   83:    cout<<"2. Stergere masina\n";
call    0 never executed
    #####:   84:    cout<<"3. Modificare masina\n";
call    0 never executed
    #####:   85:    cout<<"4. Afisare masini\n";
call    0 never executed
    #####:   86:    cout<<"5. Filtrare masini dupa producator\n";
call    0 never executed
    #####:   87:    cout<<"6. Filtrare masini dupa tip\n";
call    0 never executed
    #####:   88:    cout<<"7. Sortare masini dupa nr_inmatriculare\n";
call    0 never executed
    #####:   89:    cout<<"8. Sortare masini dupa tip\n";
call    0 never executed
    #####:   90:    cout<<"9. Sortare masini dupa producator si model\n";
call    0 never executed
    #####:   91:    cout<<"0. Exit\n";
call    0 never executed
    #####:   92:}
        -:   93:
function _ZN2UI13afisareMasiniEv called 0 returned 0% blocks executed 0%
    #####:   94:void UI::afisareMasini() {
    #####:   95:    VectorDinamic<Masina> masini = service.getAllMasiniService();
    %%%%%:   95-block  0
call    0 never executed
branch  1 never executed (fallthrough)
branch  2 never executed (throw)
    #####:   96:    for(int i=0; i<masini.size(); i++) {
    %%%%%:   96-block  0
    %%%%%:   96-block  1
call    0 never executed
branch  1 never executed
branch  2 never executed (fallthrough)
    #####:   97:        cout << "Numar de inmatriculare: " << masini.get(i).get_nr_inmatriculare() << " Producator: " << masini.get(
call    0 never executed
branch  1 never executed (fallthrough)
branch  2 never executed (throw)
    $$$$$:   97-block  0
call    3 never executed
    $$$$$:   97-block  1
    #####:   98:                i).get_producator() << " Model: " << masini.get(
call    0 never executed
branch  1 never executed (fallthrough)
branch  2 never executed (throw)
call    3 never executed
    $$$$$:   98-block  0
call    4 never executed
    $$$$$:   98-block  1
    #####:   99:                i).get_model() << " Tip: " << masini.get(
call    0 never executed
branch  1 never executed (fallthrough)
branch  2 never executed (throw)
call    3 never executed
    $$$$$:   99-block  0
call    4 never executed
    $$$$$:   99-block  1
    #####:  100:                i).get_tip() << "\n";
    %%%%%:  100-block  0
call    0 never executed
branch  1 never executed (fallthrough)
branch  2 never executed (throw)
    %%%%%:  100-block  1
call    3 never executed
    %%%%%:  100-block  2
call    4 never executed
branch  5 never executed (fallthrough)
branch  6 never executed (throw)
    %%%%%:  100-block  3
call    7 never executed
branch  8 never executed (fallthrough)
branch  9 never executed (throw)
    %%%%%:  100-block  4
call   10 never executed
    %%%%%:  100-block  5
call   11 never executed
branch 12 never executed (fallthrough)
branch 13 never executed (throw)
    %%%%%:  100-block  6
call   14 never executed
branch 15 never executed (fallthrough)
branch 16 never executed (throw)
    %%%%%:  100-block  7
call   17 never executed
    %%%%%:  100-block  8
call   18 never executed
branch 19 never executed (fallthrough)
branch 20 never executed (throw)
    %%%%%:  100-block  9
call   21 never executed
branch 22 never executed (fallthrough)
branch 23 never executed (throw)
    %%%%%:  100-block 10
call   24 never executed
call   25 never executed
branch 26 never executed (fallthrough)
branch 27 never executed (throw)
    %%%%%:  100-block 11
call   28 never executed
branch 29 never executed (fallthrough)
branch 30 never executed (throw)
    %%%%%:  100-block 12
call   31 never executed
branch 32 never executed (fallthrough)
branch 33 never executed (throw)
    %%%%%:  100-block 13
call   34 never executed
call   35 never executed
    $$$$$:  100-block 14
call   36 never executed
    $$$$$:  100-block 15
        -:  101:    }
    #####:  102:}
    %%%%%:  102-block  0
call    0 never executed
    $$$$$:  102-block  1
call    1 never executed
        -:  103:
function _ZN2UI22citireModificareMasinaEv called 0 returned 0% blocks executed 0%
    #####:  104:void UI::citireModificareMasina() {
    #####:  105:    string nr_inmatriculare;
    %%%%%:  105-block  0
call    0 never executed
    #####:  106:    string producator;
call    0 never executed
    #####:  107:    string model;
call    0 never executed
    #####:  108:    string tip;
call    0 never executed
    #####:  109:    cout<<"\nIntroduceti numarul de inmatriculare:\n";
call    0 never executed
branch  1 never executed (fallthrough)
branch  2 never executed (throw)
    #####:  110:    cin>>nr_inmatriculare;
    %%%%%:  110-block  0
call    0 never executed
branch  1 never executed (fallthrough)
branch  2 never executed (throw)
    #####:  111:    cout<<"\nIntroduceti producatorul:\n";
    %%%%%:  111-block  0
call    0 never executed
branch  1 never executed (fallthrough)
branch  2 never executed (throw)
    #####:  112:    cin>>producator;
    %%%%%:  112-block  0
call    0 never executed
branch  1 never executed (fallthrough)
branch  2 never executed (throw)
    #####:  113:    cout<<"\nIntroduceti modelul:\n";
    %%%%%:  113-block  0
call    0 never executed
branch  1 never executed (fallthrough)
branch  2 never executed (throw)
    #####:  114:    cin>>model;
    %%%%%:  114-block  0
call    0 never executed
branch  1 never executed (fallthrough)
branch  2 never executed (throw)
    #####:  115:    cout<<"\nIntroduceti tipul:\n";
    %%%%%:  115-block  0
call    0 never executed
branch  1 never executed (fallthrough)
branch  2 never executed (throw)
    #####:  116:    cin>>tip;
    %%%%%:  116-block  0
call    0 never executed
branch  1 never executed (fallthrough)
branch  2 never executed (throw)
        -:  117:    try {
    #####:  118:        service.modificaMasinaService(nr_inmatriculare, producator, model, tip);
    %%%%%:  118-block  0
call    0 never executed
branch  1 never executed (fallthrough)
branch  2 never executed (throw)
    =====:  119:    } catch(MasinaException& e) {
    $$$$$:  119-block  0
branch  0 never executed (fallthrough)
branch  1 never executed
    $$$$$:  119-block  1
call    2 never executed
    =====:  120:        cout<<e.get_msg()<<"\n";
call    0 never executed
branch  1 never executed (fallthrough)
branch  2 never executed (throw)
    $$$$$:  120-block  0
call    3 never executed
branch  4 never executed (fallthrough)
branch  5 never executed (throw)
    $$$$$:  120-block  1
call    6 never executed
branch  7 never executed (fallthrough)
branch  8 never executed (throw)
    $$$$$:  120-block  2
call    9 never executed
    $$$$$:  120-block  3
call   10 never executed
    $$$$$:  120-block  4
    =====:  121:    }
call    0 never executed
branch  1 never executed (fallthrough)
branch  2 never executed (throw)
    $$$$$:  121-block  0
call    3 never executed
    #####:  122:}
    %%%%%:  122-block  0
call    0 never executed
call    1 never executed
call    2 never executed
call    3 never executed
    $$$$$:  122-block  1
call    4 never executed
    $$$$$:  122-block  2
call    5 never executed
    $$$$$:  122-block  3
call    6 never executed
    $$$$$:  122-block  4
call    7 never executed
        -:  123:
function _ZN2UI24citireFiltrareProducatorEv called 0 returned 0% blocks executed 0%
    #####:  124:void UI::citireFiltrareProducator() {
    #####:  125:    string producator;
    %%%%%:  125-block  0
call    0 never executed
    #####:  126:    cout<<"Introduceti producatorul:\n";
call    0 never executed
branch  1 never executed (fallthrough)
branch  2 never executed (throw)
    #####:  127:    cin>>producator;
    %%%%%:  127-block  0
call    0 never executed
branch  1 never executed (fallthrough)
branch  2 never executed (throw)
    #####:  128:    VectorDinamic<Masina> masini = service.filterMasiniProducer(producator);
    %%%%%:  128-block  0
call    0 never executed
branch  1 never executed (fallthrough)
branch  2 never executed (throw)
    #####:  129:    if(masini.size() == 0) {
    %%%%%:  129-block  0
call    0 never executed
branch  1 never executed (fallthrough)
branch  2 never executed
    #####:  130:        cout<<"Nu exista masini cu acest producator!\n";
    %%%%%:  130-block  0
call    0 never executed
branch  1 never executed (fallthrough)
branch  2 never executed (throw)
    #####:  131:        return;
    %%%%%:  131-block  0
        -:  132:    }
        -:  133:    else
    #####:  134:        for(int i=0; i<masini.size(); i++)
    %%%%%:  134-block  0
    %%%%%:  134-block  1
call    0 never executed
branch  1 never executed
branch  2 never executed (fallthrough)
    #####:  135:            cout << "Numar de inmatriculare: " << masini.get(i).get_nr_inmatriculare() << " Producator: " << masini.get(
call    0 never executed
branch  1 never executed (fallthrough)
branch  2 never executed (throw)
    $$$$$:  135-block  0
call    3 never executed
    $$$$$:  135-block  1
    #####:  136:                    i).get_producator() << " Model: " << masini.get(
call    0 never executed
branch  1 never executed (fallthrough)
branch  2 never executed (throw)
call    3 never executed
    $$$$$:  136-block  0
call    4 never executed
    $$$$$:  136-block  1
    #####:  137:                    i).get_model() << " Tip: " << masini.get(
call    0 never executed
branch  1 never executed (fallthrough)
branch  2 never executed (throw)
call    3 never executed
    $$$$$:  137-block  0
call    4 never executed
    $$$$$:  137-block  1
    #####:  138:                    i).get_tip() << "\n";
    %%%%%:  138-block  0
call    0 never executed
branch  1 never executed (fallthrough)
branch  2 never executed (throw)
    %%%%%:  138-block  1
call    3 never executed
    %%%%%:  138-block  2
call    4 never executed
branch  5 never executed (fallthrough)
branch  6 never executed (throw)
    %%%%%:  138-block  3
call    7 never executed
branch  8 never executed (fallthrough)
branch  9 never executed (throw)
    %%%%%:  138-block  4
call   10 never executed
    %%%%%:  138-block  5
call   11 never executed
branch 12 never executed (fallthrough)
branch 13 never executed (throw)
    %%%%%:  138-block  6
call   14 never executed
branch 15 never executed (fallthrough)
branch 16 never executed (throw)
    %%%%%:  138-block  7
call   17 never executed
    %%%%%:  138-block  8
call   18 never executed
branch 19 never executed (fallthrough)
branch 20 never executed (throw)
    %%%%%:  138-block  9
call   21 never executed
branch 22 never executed (fallthrough)
branch 23 never executed (throw)
    %%%%%:  138-block 10
call   24 never executed
call   25 never executed
branch 26 never executed (fallthrough)
branch 27 never executed (throw)
    %%%%%:  138-block 11
call   28 never executed
branch 29 never executed (fallthrough)
branch 30 never executed (throw)
    %%%%%:  138-block 12
call   31 never executed
branch 32 never executed (fallthrough)
branch 33 never executed (throw)
    %%%%%:  138-block 13
call   34 never executed
call   35 never executed
    $$$$$:  138-block 14
call   36 never executed
    $$$$$:  138-block 15
    #####:  139:}
    %%%%%:  139-block  0
    %%%%%:  139-block  1
call    0 never executed
branch  1 never executed (fallthrough)
branch  2 never executed
    %%%%%:  139-block  2
    %%%%%:  139-block  3
call    3 never executed
branch  4 never executed (fallthrough)
branch  5 never executed
    $$$$$:  139-block  4
call    6 never executed
    $$$$$:  139-block  5
call    7 never executed
        -:  140:
function _ZN2UI17citireFiltrareTipEv called 0 returned 0% blocks executed 0%
    #####:  141:void UI::citireFiltrareTip() {
    #####:  142:    string tip;
    %%%%%:  142-block  0
call    0 never executed
    #####:  143:    cout<<"Introduceti tipul:\n";
call    0 never executed
branch  1 never executed (fallthrough)
branch  2 never executed (throw)
    #####:  144:    cin>>tip;
    %%%%%:  144-block  0
call    0 never executed
branch  1 never executed (fallthrough)
branch  2 never executed (throw)
    #####:  145:    VectorDinamic<Masina> masini = service.filterMasiniType(tip);
    %%%%%:  145-block  0
call    0 never executed
branch  1 never executed (fallthrough)
branch  2 never executed (throw)
    #####:  146:    if(masini.size() == 0) {
    %%%%%:  146-block  0
call    0 never executed
branch  1 never executed (fallthrough)
branch  2 never executed
    #####:  147:        cout<<"Nu exista masini de acest tip!\n";
    %%%%%:  147-block  0
call    0 never executed
branch  1 never executed (fallthrough)
branch  2 never executed (throw)
    #####:  148:        return;
    %%%%%:  148-block  0
        -:  149:    }
        -:  150:    else
    #####:  151:        for(int i=0; i<masini.size(); i++)
    %%%%%:  151-block  0
    %%%%%:  151-block  1
call    0 never executed
branch  1 never executed
branch  2 never executed (fallthrough)
    #####:  152:            cout << "Numar de inmatriculare: " << masini.get(i).get_nr_inmatriculare() << " Producator: " << masini.get(
call    0 never executed
branch  1 never executed (fallthrough)
branch  2 never executed (throw)
    $$$$$:  152-block  0
call    3 never executed
    $$$$$:  152-block  1
    #####:  153:                    i).get_producator() << " Model: " << masini.get(
call    0 never executed
branch  1 never executed (fallthrough)
branch  2 never executed (throw)
call    3 never executed
    $$$$$:  153-block  0
call    4 never executed
    $$$$$:  153-block  1
    #####:  154:                    i).get_model() << " Tip: " << masini.get(
call    0 never executed
branch  1 never executed (fallthrough)
branch  2 never executed (throw)
call    3 never executed
    $$$$$:  154-block  0
call    4 never executed
    $$$$$:  154-block  1
    #####:  155:                    i).get_tip() << "\n";
    %%%%%:  155-block  0
call    0 never executed
branch  1 never executed (fallthrough)
branch  2 never executed (throw)
    %%%%%:  155-block  1
call    3 never executed
    %%%%%:  155-block  2
call    4 never executed
branch  5 never executed (fallthrough)
branch  6 never executed (throw)
    %%%%%:  155-block  3
call    7 never executed
branch  8 never executed (fallthrough)
branch  9 never executed (throw)
    %%%%%:  155-block  4
call   10 never executed
    %%%%%:  155-block  5
call   11 never executed
branch 12 never executed (fallthrough)
branch 13 never executed (throw)
    %%%%%:  155-block  6
call   14 never executed
branch 15 never executed (fallthrough)
branch 16 never executed (throw)
    %%%%%:  155-block  7
call   17 never executed
    %%%%%:  155-block  8
call   18 never executed
branch 19 never executed (fallthrough)
branch 20 never executed (throw)
    %%%%%:  155-block  9
call   21 never executed
branch 22 never executed (fallthrough)
branch 23 never executed (throw)
    %%%%%:  155-block 10
call   24 never executed
call   25 never executed
branch 26 never executed (fallthrough)
branch 27 never executed (throw)
    %%%%%:  155-block 11
call   28 never executed
branch 29 never executed (fallthrough)
branch 30 never executed (throw)
    %%%%%:  155-block 12
call   31 never executed
branch 32 never executed (fallthrough)
branch 33 never executed (throw)
    %%%%%:  155-block 13
call   34 never executed
call   35 never executed
    $$$$$:  155-block 14
call   36 never executed
    $$$$$:  155-block 15
    #####:  156:}
    %%%%%:  156-block  0
    %%%%%:  156-block  1
call    0 never executed
branch  1 never executed (fallthrough)
branch  2 never executed
    %%%%%:  156-block  2
    %%%%%:  156-block  3
call    3 never executed
branch  4 never executed (fallthrough)
branch  5 never executed
    $$$$$:  156-block  4
call    6 never executed
    $$$$$:  156-block  5
call    7 never executed
        -:  157:
        -:  158:
function _ZN2UI7sortareEv called 0 returned 0% blocks executed 0%
    #####:  159:void UI::sortare() {
    #####:  160:    cout<<"SORTARE"<<endl;
    %%%%%:  160-block  0
call    0 never executed
branch  1 never executed (fallthrough)
branch  2 never executed (throw)
    %%%%%:  160-block  1
call    3 never executed
branch  4 never executed (fallthrough)
branch  5 never executed (throw)
    #####:  161:    cout<<"1. Numar de inmatriculare \n 2. Tip \n 3. Producator si model"<<endl;
    %%%%%:  161-block  0
call    0 never executed
branch  1 never executed (fallthrough)
branch  2 never executed (throw)
    %%%%%:  161-block  1
call    3 never executed
branch  4 never executed (fallthrough)
branch  5 never executed (throw)
    #####:  162:    string optiune;
    %%%%%:  162-block  0
call    0 never executed
    #####:  163:    cout<<">>> ";
call    0 never executed
branch  1 never executed (fallthrough)
branch  2 never executed (throw)
    #####:  164:    cin>>optiune;
    %%%%%:  164-block  0
call    0 never executed
branch  1 never executed (fallthrough)
branch  2 never executed (throw)
    #####:  165:    if (optiune == "1") {
    %%%%%:  165-block  0
call    0 never executed
branch  1 never executed (fallthrough)
branch  2 never executed (throw)
    %%%%%:  165-block  1
branch  3 never executed (fallthrough)
branch  4 never executed
    #####:  166:        VectorDinamic<Masina> lista_sortata = service.sortMasini(sortNrInmatriculare);
    %%%%%:  166-block  0
call    0 never executed
branch  1 never executed (fallthrough)
branch  2 never executed (throw)
    #####:  167:        for(int i=0; i<lista_sortata.size(); i++) {
    %%%%%:  167-block  0
    %%%%%:  167-block  1
call    0 never executed
branch  1 never executed
branch  2 never executed (fallthrough)
    #####:  168:            cout << "Numar de inmatriculare: " << lista_sortata.get(i).get_nr_inmatriculare() << " Producator: " << lista_sortata.get(
call    0 never executed
branch  1 never executed (fallthrough)
branch  2 never executed (throw)
    $$$$$:  168-block  0
call    3 never executed
    $$$$$:  168-block  1
    #####:  169:                    i).get_producator() << " Model: " << lista_sortata.get(
call    0 never executed
branch  1 never executed (fallthrough)
branch  2 never executed (throw)
call    3 never executed
    $$$$$:  169-block  0
call    4 never executed
    $$$$$:  169-block  1
    #####:  170:                    i).get_model() << " Tip: " << lista_sortata.get(
call    0 never executed
branch  1 never executed (fallthrough)
branch  2 never executed (throw)
call    3 never executed
    $$$$$:  170-block  0
call    4 never executed
    $$$$$:  170-block  1
    #####:  171:                    i).get_tip() << "\n";
    %%%%%:  171-block  0
call    0 never executed
branch  1 never executed (fallthrough)
branch  2 never executed (throw)
    %%%%%:  171-block  1
call    3 never executed
    %%%%%:  171-block  2
call    4 never executed
branch  5 never executed (fallthrough)
branch  6 never executed (throw)
    %%%%%:  171-block  3
call    7 never executed
branch  8 never executed (fallthrough)
branch  9 never executed (throw)
    %%%%%:  171-block  4
call   10 never executed
    %%%%%:  171-block  5
call   11 never executed
branch 12 never executed (fallthrough)
branch 13 never executed (throw)
    %%%%%:  171-block  6
call   14 never executed
branch 15 never executed (fallthrough)
branch 16 never executed (throw)
    %%%%%:  171-block  7
call   17 never executed
    %%%%%:  171-block  8
call   18 never executed
branch 19 never executed (fallthrough)
branch 20 never executed (throw)
    %%%%%:  171-block  9
call   21 never executed
branch 22 never executed (fallthrough)
branch 23 never executed (throw)
    %%%%%:  171-block 10
call   24 never executed
call   25 never executed
branch 26 never executed (fallthrough)
branch 27 never executed (throw)
    %%%%%:  171-block 11
call   28 never executed
branch 29 never executed (fallthrough)
branch 30 never executed (throw)
    %%%%%:  171-block 12
call   31 never executed
branch 32 never executed (fallthrough)
branch 33 never executed (throw)
    %%%%%:  171-block 13
call   34 never executed
call   35 never executed
    $$$$$:  171-block 14
call   36 never executed
    $$$$$:  171-block 15
        -:  172:        }
    #####:  173:    } else if(optiune == "2") {
    %%%%%:  173-block  0
call    0 never executed
    %%%%%:  173-block  1
call    1 never executed
branch  2 never executed (fallthrough)
branch  3 never executed (throw)
    %%%%%:  173-block  2
branch  4 never executed (fallthrough)
branch  5 never executed
    $$$$$:  173-block  3
call    6 never executed
    #####:  174:        VectorDinamic<Masina> lista_sortata = service.sortMasini(sortTip);
    %%%%%:  174-block  0
call    0 never executed
branch  1 never executed (fallthrough)
branch  2 never executed (throw)
    #####:  175:        for(int i=0; i<lista_sortata.size(); i++) {
    %%%%%:  175-block  0
    %%%%%:  175-block  1
call    0 never executed
branch  1 never executed
branch  2 never executed (fallthrough)
    #####:  176:            cout << "Numar de inmatriculare: " << lista_sortata.get(i).get_nr_inmatriculare() << " Producator: " << lista_sortata.get(
call    0 never executed
branch  1 never executed (fallthrough)
branch  2 never executed (throw)
    $$$$$:  176-block  0
call    3 never executed
    $$$$$:  176-block  1
    #####:  177:                    i).get_producator() << " Model: " << lista_sortata.get(
call    0 never executed
branch  1 never executed (fallthrough)
branch  2 never executed (throw)
call    3 never executed
    $$$$$:  177-block  0
call    4 never executed
    $$$$$:  177-block  1
    #####:  178:                    i).get_model() << " Tip: " << lista_sortata.get(
call    0 never executed
branch  1 never executed (fallthrough)
branch  2 never executed (throw)
call    3 never executed
    $$$$$:  178-block  0
call    4 never executed
    $$$$$:  178-block  1
    #####:  179:                    i).get_tip() << "\n";
    %%%%%:  179-block  0
call    0 never executed
branch  1 never executed (fallthrough)
branch  2 never executed (throw)
    %%%%%:  179-block  1
call    3 never executed
    %%%%%:  179-block  2
call    4 never executed
branch  5 never executed (fallthrough)
branch  6 never executed (throw)
    %%%%%:  179-block  3
call    7 never executed
branch  8 never executed (fallthrough)
branch  9 never executed (throw)
    %%%%%:  179-block  4
call   10 never executed
    %%%%%:  179-block  5
call   11 never executed
branch 12 never executed (fallthrough)
branch 13 never executed (throw)
    %%%%%:  179-block  6
call   14 never executed
branch 15 never executed (fallthrough)
branch 16 never executed (throw)
    %%%%%:  179-block  7
call   17 never executed
    %%%%%:  179-block  8
call   18 never executed
branch 19 never executed (fallthrough)
branch 20 never executed (throw)
    %%%%%:  179-block  9
call   21 never executed
branch 22 never executed (fallthrough)
branch 23 never executed (throw)
    %%%%%:  179-block 10
call   24 never executed
call   25 never executed
branch 26 never executed (fallthrough)
branch 27 never executed (throw)
    %%%%%:  179-block 11
call   28 never executed
branch 29 never executed (fallthrough)
branch 30 never executed (throw)
    %%%%%:  179-block 12
call   31 never executed
branch 32 never executed (fallthrough)
branch 33 never executed (throw)
    %%%%%:  179-block 13
call   34 never executed
call   35 never executed
    $$$$$:  179-block 14
call   36 never executed
    $$$$$:  179-block 15
        -:  180:        }
    #####:  181:    } else if(optiune == "3") {
    %%%%%:  181-block  0
call    0 never executed
    %%%%%:  181-block  1
call    1 never executed
branch  2 never executed (fallthrough)
branch  3 never executed (throw)
    %%%%%:  181-block  2
branch  4 never executed (fallthrough)
branch  5 never executed
    $$$$$:  181-block  3
call    6 never executed
    #####:  182:        VectorDinamic<Masina> lista_sortata = service.sortMasini(sortProducatorModel);
    %%%%%:  182-block  0
call    0 never executed
branch  1 never executed (fallthrough)
branch  2 never executed (throw)
    #####:  183:        for(int i=0; i<lista_sortata.size(); i++) {
    %%%%%:  183-block  0
    %%%%%:  183-block  1
call    0 never executed
branch  1 never executed
branch  2 never executed (fallthrough)
    #####:  184:            cout << "Numar de inmatriculare: " << lista_sortata.get(i).get_nr_inmatriculare() << " Producator: " << lista_sortata.get(
call    0 never executed
branch  1 never executed (fallthrough)
branch  2 never executed (throw)
    $$$$$:  184-block  0
call    3 never executed
    $$$$$:  184-block  1
    #####:  185:                    i).get_producator() << " Model: " << lista_sortata.get(
call    0 never executed
branch  1 never executed (fallthrough)
branch  2 never executed (throw)
call    3 never executed
    $$$$$:  185-block  0
call    4 never executed
    $$$$$:  185-block  1
    #####:  186:                    i).get_model() << " Tip: " << lista_sortata.get(
call    0 never executed
branch  1 never executed (fallthrough)
branch  2 never executed (throw)
call    3 never executed
    $$$$$:  186-block  0
call    4 never executed
    $$$$$:  186-block  1
    #####:  187:                    i).get_tip() << "\n";
    %%%%%:  187-block  0
call    0 never executed
branch  1 never executed (fallthrough)
branch  2 never executed (throw)
    %%%%%:  187-block  1
call    3 never executed
    %%%%%:  187-block  2
call    4 never executed
branch  5 never executed (fallthrough)
branch  6 never executed (throw)
    %%%%%:  187-block  3
call    7 never executed
branch  8 never executed (fallthrough)
branch  9 never executed (throw)
    %%%%%:  187-block  4
call   10 never executed
    %%%%%:  187-block  5
call   11 never executed
branch 12 never executed (fallthrough)
branch 13 never executed (throw)
    %%%%%:  187-block  6
call   14 never executed
branch 15 never executed (fallthrough)
branch 16 never executed (throw)
    %%%%%:  187-block  7
call   17 never executed
    %%%%%:  187-block  8
call   18 never executed
branch 19 never executed (fallthrough)
branch 20 never executed (throw)
    %%%%%:  187-block  9
call   21 never executed
branch 22 never executed (fallthrough)
branch 23 never executed (throw)
    %%%%%:  187-block 10
call   24 never executed
call   25 never executed
branch 26 never executed (fallthrough)
branch 27 never executed (throw)
    %%%%%:  187-block 11
call   28 never executed
branch 29 never executed (fallthrough)
branch 30 never executed (throw)
    %%%%%:  187-block 12
call   31 never executed
branch 32 never executed (fallthrough)
branch 33 never executed (throw)
    %%%%%:  187-block 13
call   34 never executed
call   35 never executed
    $$$$$:  187-block 14
call   36 never executed
    $$$$$:  187-block 15
        -:  188:        }
    #####:  189:    }
    %%%%%:  189-block  0
call    0 never executed
    $$$$$:  189-block  1
call    1 never executed
    #####:  190:}
    %%%%%:  190-block  0
call    0 never executed
    $$$$$:  190-block  1
call    1 never executed
